<?xml version="1.0" encoding="UTF-8"?>
<!-- Generated by org.testng.reporters.JUnitReportReporter -->
<testsuite hostname="DESKTOP-I8PQN7U" name="academy3.NavbarValidation" tests="1" failures="0" timestamp="11 May 2020 15:22:06 GMT" time="0.095" errors="0">
  <testcase name="validateNavbar" time="0.095" classname="academy3.NavbarValidation"/>
</testsuite> <!-- academy3.NavbarValidation -->
