<?xml version="1.0" encoding="UTF-8"?>
<!-- Generated by org.testng.reporters.JUnitReportReporter -->
<testsuite hostname="DESKTOP-I8PQN7U" name="academy3.Login3" tests="2" failures="0" timestamp="18 May 2020 13:58:45 GMT" time="9.684" errors="0">
  <testcase name="validateLogin" time="5.259" classname="academy3.Login3"/>
  <testcase name="validateLogin" time="4.425" classname="academy3.Login3"/>
</testsuite> <!-- academy3.Login3 -->
