<?xml version="1.0" encoding="UTF-8"?>
<!-- Generated by org.testng.reporters.JUnitReportReporter -->
<testsuite hostname="DESKTOP-I8PQN7U" name="academy3.ResetPasswordValidation" tests="1" failures="0" timestamp="18 May 2020 13:49:40 GMT" time="55.703" errors="0">
  <testcase name="verifyResetPassword" time="55.703" classname="academy3.ResetPasswordValidation"/>
</testsuite> <!-- academy3.ResetPasswordValidation -->
