<?xml version="1.0" encoding="UTF-8"?>
<!-- Generated by org.testng.reporters.JUnitReportReporter -->
<testsuite hostname="DESKTOP-I8PQN7U" name="academy3.NavbarValidation3" tests="1" failures="0" timestamp="18 May 2020 15:30:06 GMT" time="0.087" errors="0">
  <testcase name="validateNavbar" time="0.087" classname="academy3.NavbarValidation3"/>
</testsuite> <!-- academy3.NavbarValidation3 -->
