<?xml version="1.0" encoding="UTF-8"?>
<!-- Generated by org.testng.reporters.JUnitReportReporter -->
<testsuite skipped="0" hostname="DESKTOP-I8PQN7U" name="academy3.NavbarValidation3" tests="1" failures="0" timestamp="18 May 2020 16:32:19 GMT" time="0.103" errors="0">
  <testcase name="validateNavbar" time="0.103" classname="academy3.NavbarValidation3"/>
</testsuite> <!-- academy3.NavbarValidation3 -->
